<?xml version="1.0" encoding="UTF-8"?>
<!-- Generated by org.testng.reporters.JUnitReportReporter -->
<testsuite hostname="Prakat-D-013" name="test.TestNG_Demo2" tests="2" failures="0" timestamp="27 Jun 2019 12:48:09 GMT" time="3.506" errors="0">
  <testcase name="googleSearch2" time="2.592" classname="test.TestNG_Demo2"/>
  <testcase name="googleSearch3" time="0.914" classname="test.TestNG_Demo2"/>
</testsuite> <!-- test.TestNG_Demo2 -->
