<?xml version="1.0" encoding="UTF-8"?>
<!-- Generated by org.testng.reporters.JUnitReportReporter -->
<testsuite hostname="Prakat-D-013" name="demo.TestNGPriorityDemo" tests="3" failures="0" timestamp="2 Jul 2019 10:54:30 GMT" time="0.014" errors="0">
  <testcase name="test2" time="0.013" classname="demo.TestNGPriorityDemo"/>
  <testcase name="test3" time="0.001" classname="demo.TestNGPriorityDemo"/>
  <testcase name="test1" time="0.000" classname="demo.TestNGPriorityDemo"/>
</testsuite> <!-- demo.TestNGPriorityDemo -->
