<?xml version="1.0" encoding="UTF-8"?>
<!-- Generated by org.testng.reporters.JUnitReportReporter -->
<testsuite hostname="Prakat-D-013" name="test.ExtentReportsDemoWithTestNG" tests="2" failures="0" timestamp="26 Jun 2019 08:54:34 GMT" time="1.157" errors="0">
  <testcase name="test2" time="0.001" classname="test.ExtentReportsDemoWithTestNG"/>
  <testcase name="test1" time="1.156" classname="test.ExtentReportsDemoWithTestNG"/>
</testsuite> <!-- test.ExtentReportsDemoWithTestNG -->
