<?xml version="1.0" encoding="UTF-8"?>
<!-- Generated by org.testng.reporters.JUnitReportReporter -->
<testsuite hostname="Prakat-D-013" name="demo.TestNGParametersDemo" tests="1" failures="0" timestamp="3 Jul 2019 09:22:20 GMT" time="0.012" errors="0">
  <testcase name="test" time="0.012" classname="demo.TestNGParametersDemo"/>
</testsuite> <!-- demo.TestNGParametersDemo -->
