<?xml version="1.0" encoding="UTF-8"?>
<!-- Generated by org.testng.reporters.JUnitReportReporter -->
<testsuite hostname="Prakat-D-013" name="demo.TestNGIgnoreDemo" tests="2" failures="0" timestamp="4 Jul 2019 09:57:06 GMT" time="0.015" errors="0">
  <testcase name="test2" time="0.001" classname="demo.TestNGIgnoreDemo"/>
  <testcase name="test1" time="0.014" classname="demo.TestNGIgnoreDemo"/>
</testsuite> <!-- demo.TestNGIgnoreDemo -->
