<?xml version="1.0" encoding="UTF-8"?>
<!-- Generated by org.testng.reporters.JUnitReportReporter -->
<testsuite hostname="Prakat-D-013" name="test.TestNG_Demo" tests="1" failures="0" timestamp="19 Jun 2019 12:36:44 GMT" time="2.746" errors="0">
  <testcase name="googleSearch" time="2.746" classname="test.TestNG_Demo"/>
</testsuite> <!-- test.TestNG_Demo -->
