<?xml version="1.0" encoding="UTF-8"?>
<!-- Generated by org.testng.reporters.JUnitReportReporter -->
<testsuite hostname="Prakat-D-013" name="demo.TestNGGroupsDemo" tests="5" failures="0" timestamp="3 Jul 2019 07:30:20 GMT" time="0.020" errors="0">
  <testcase name="test2" time="0.001" classname="demo.TestNGGroupsDemo"/>
  <testcase name="test5" time="0.001" classname="demo.TestNGGroupsDemo"/>
  <testcase name="test1" time="0.012" classname="demo.TestNGGroupsDemo"/>
  <testcase name="test3" time="0.005" classname="demo.TestNGGroupsDemo"/>
  <testcase name="test4" time="0.001" classname="demo.TestNGGroupsDemo"/>
</testsuite> <!-- demo.TestNGGroupsDemo -->
