<?xml version="1.0" encoding="UTF-8"?>
<!-- Generated by org.testng.reporters.JUnitReportReporter -->
<testsuite hostname="Prakat-D-013" name="demo.Test1" tests="1" failures="0" timestamp="8 Jul 2019 06:32:02 GMT" time="6.280" errors="0">
  <testcase name="test1" time="6.280" classname="demo.Test1"/>
</testsuite> <!-- demo.Test1 -->
