<?xml version="1.0" encoding="UTF-8"?>
<!-- Generated by org.testng.reporters.JUnitReportReporter -->
<testsuite hostname="Prakat-D-013" name="utils.ExcelDataProvider" tests="5" failures="0" timestamp="1 Jul 2019 12:01:46 GMT" time="14.758" errors="0">
  <testcase name="test1" time="2.473" classname="utils.ExcelDataProvider"/>
  <testcase name="test1" time="2.487" classname="utils.ExcelDataProvider"/>
  <testcase name="test1" time="2.473" classname="utils.ExcelDataProvider"/>
  <testcase name="test1" time="4.885" classname="utils.ExcelDataProvider"/>
  <testcase name="test1" time="2.440" classname="utils.ExcelDataProvider"/>
</testsuite> <!-- utils.ExcelDataProvider -->
