<?xml version="1.0" encoding="UTF-8"?>
<!-- Generated by org.testng.reporters.JUnitReportReporter -->
<testsuite hostname="Prakat-D-013" name="demo.TestNGDependencyDemo" tests="3" failures="0" timestamp="4 Jul 2019 09:35:46 GMT" time="0.016" errors="0">
  <testcase name="test2" time="0.014" classname="demo.TestNGDependencyDemo"/>
  <testcase name="test1" time="0.001" classname="demo.TestNGDependencyDemo"/>
  <testcase name="test3" time="0.001" classname="demo.TestNGDependencyDemo"/>
</testsuite> <!-- demo.TestNGDependencyDemo -->
